
=== Wed May  6 12:01:02 2020

Packages were changed.
Update Mode: mergeDefaultDependencies

The following packages were added:
  com.unity.collab-proxy@1.2.16
  com.unity.ide.rider@1.1.4
  com.unity.ide.vscode@1.2.0
  com.unity.modules.ai@1.0.0
  com.unity.modules.androidjni@1.0.0
  com.unity.modules.animation@1.0.0
  com.unity.modules.assetbundle@1.0.0
  com.unity.modules.audio@1.0.0
  com.unity.modules.cloth@1.0.0
  com.unity.modules.director@1.0.0
  com.unity.modules.imageconversion@1.0.0
  com.unity.modules.imgui@1.0.0
  com.unity.modules.jsonserialize@1.0.0
  com.unity.modules.particlesystem@1.0.0
  com.unity.modules.physics@1.0.0
  com.unity.modules.physics2d@1.0.0
  com.unity.modules.screencapture@1.0.0
  com.unity.modules.terrain@1.0.0
  com.unity.modules.terrainphysics@1.0.0
  com.unity.modules.tilemap@1.0.0
  com.unity.modules.ui@1.0.0
  com.unity.modules.uielements@1.0.0
  com.unity.modules.umbra@1.0.0
  com.unity.modules.unityanalytics@1.0.0
  com.unity.modules.unitywebrequest@1.0.0
  com.unity.modules.unitywebrequestassetbundle@1.0.0
  com.unity.modules.unitywebrequestaudio@1.0.0
  com.unity.modules.unitywebrequesttexture@1.0.0
  com.unity.modules.unitywebrequestwww@1.0.0
  com.unity.modules.vehicles@1.0.0
  com.unity.modules.video@1.0.0
  com.unity.modules.vr@1.0.0
  com.unity.modules.wind@1.0.0
  com.unity.modules.xr@1.0.0
  com.unity.test-framework@1.1.13
  com.unity.textmeshpro@2.0.1
  com.unity.timeline@1.2.14
  com.unity.ugui@1.0.0

=== Wed Feb  3 19:09:10 2021

Packages were changed.
Update Mode: updateDependencies

The following packages were updated:
  com.unity.ide.vscode from version 1.2.1 to 1.2.3

=== Wed May 19 17:45:42 2021

Packages were changed.
Update Mode: updateDependencies

The following packages were added:
  com.unity.ide.visualstudio@2.0.7
The following packages were updated:
  com.unity.ml-agents from version 1.0.6 to 1.0.7
  com.unity.textmeshpro from version 2.1.4 to 3.0.1

=== Fri Jan 28 22:20:47 2022

Packages were changed.
Update Mode: updateDependencies

The following packages were updated:
  com.unity.burst from version 1.4.8 to 1.6.3
  com.unity.ide.visualstudio from version 2.0.8 to 2.0.12
  com.unity.ide.vscode from version 1.2.3 to 1.2.4
  com.unity.ml-agents from version 1.0.7 to 2.0.0
  com.unity.timeline from version 1.5.5 to 1.6.3

=== Thu Feb 17 11:54:28 2022

Packages were changed.
Update Mode: updateDependencies

The following packages were updated:
  com.unity.inputsystem from version 1.2.0 to 1.3.0

=== Sat Jan  7 15:15:24 2023

Packages were changed.
Update Mode: updateDependencies

The following packages were updated:
  com.unity.burst from version 1.6.4 to 1.6.6
  com.unity.ide.visualstudio from version 2.0.14 to 2.0.16
  com.unity.inputsystem from version 1.3.0 to 1.4.4
  com.unity.nuget.newtonsoft-json from version 2.0.2 to 3.0.2
